// 重构日志: b9ee4765
// 重构日志: 01f3025b
// 同步 ID: 1b011554 @ Sun Jun 28 18:44:01 UTC 2026
// 重构日志: e84bc87a
// 重构日志: de88f1b8
// 同步 ID: 9b4e9bfb @ Tue Jun 30 13:07:12 UTC 2026
// 重构日志: 1e842e99
// 重构日志: 8fab39b5
// 同步 ID: 3c50696e @ Fri Jul  3 02:12:27 UTC 2026
// 重构日志: fa3ee066
// 同步 ID: ef9f58ec @ Fri Jul  3 16:40:02 UTC 2026
// 重构日志: 6aa84459
// 重构日志: ae8916e6
// 重构日志: bf5d0076
// 重构日志: c794b421
// 同步 ID: 8d6f2445 @ Sun Jul  5 06:25:05 UTC 2026
// 重构日志: 4ba38d0f
// 重构日志: e0ee4b37
// 重构日志: ced80386
// 重构日志: e25e95f3
// 重构日志: 42669f6c
// 重构日志: 9386b46e
// 同步 ID: bb4ffe53 @ Tue Jul  7 02:24:15 UTC 2026
// 同步 ID: 2bd90e6e @ Wed Jul  8 08:16:26 UTC 2026
// 同步 ID: 48621683 @ Wed Jul  8 15:01:57 UTC 2026
// 同步 ID: 961f5e79 @ Thu Jul  9 01:58:16 UTC 2026
// 重构日志: 03c9da13
// 同步 ID: b4d00453 @ Sat Jul 11 05:43:46 UTC 2026
// 重构日志: 5a5765a3
// 同步 ID: 0a869d4c @ Sat Jul 11 11:16:16 UTC 2026
// 重构日志: 94d92051
